<?xml version="1.0" encoding="UTF-8"?>
<testng-results skipped="0" failed="0" total="2" passed="2">
  <reporter-output>
  </reporter-output>
  <suite name="Default suite" duration-ms="2558" started-at="2020-03-13T14:06:24Z" finished-at="2020-03-13T14:06:26Z">
    <groups>
    </groups>
    <test name="Default test" duration-ms="2558" started-at="2020-03-13T14:06:24Z" finished-at="2020-03-13T14:06:26Z">
      <class name="TestNgTest">
        <test-method status="PASS" signature="Add()[pri:0, instance:TestNgTest@724af044]" name="Add" duration-ms="2511" started-at="2020-03-13T19:36:24Z" finished-at="2020-03-13T19:36:26Z">
          <reporter-output>
          </reporter-output>
        </test-method> <!-- Add -->
        <test-method status="PASS" signature="Substract()[pri:0, instance:TestNgTest@724af044]" name="Substract" duration-ms="4" started-at="2020-03-13T19:36:26Z" finished-at="2020-03-13T19:36:26Z">
          <reporter-output>
          </reporter-output>
        </test-method> <!-- Substract -->
      </class> <!-- TestNgTest -->
    </test> <!-- Default test -->
  </suite> <!-- Default suite -->
</testng-results>
